<?xml version="1.0" encoding="UTF-8"?>
<testsuites tests="10" failures="0" disabled="0" errors="0" time="0.044" timestamp="2025-08-02T15:08:37.320" name="AllTests">
  <testsuite name="DebayerTest" tests="10" failures="0" disabled="0" skipped="0" errors="0" time="0.044" timestamp="2025-08-02T15:08:37.320">
    <testcase name="BasicFunctionality" status="run" result="completed" time="0.005" timestamp="2025-08-02T15:08:37.320" classname="DebayerTest" />
    <testcase name="EmptyImage" status="run" result="completed" time="0" timestamp="2025-08-02T15:08:37.325" classname="DebayerTest" />
    <testcase name="InvalidImageType" status="run" result="completed" time="0" timestamp="2025-08-02T15:08:37.326" classname="DebayerTest" />
    <testcase name="DifferentBayerPatterns" status="run" result="completed" time="0.004" timestamp="2025-08-02T15:08:37.326" classname="DebayerTest" />
    <testcase name="DifferentMethods" status="run" result="completed" time="0.001" timestamp="2025-08-02T15:08:37.331" classname="DebayerTest" />
    <testcase name="Bit16Support" status="run" result="completed" time="0" timestamp="2025-08-02T15:08:37.332" classname="DebayerTest" />
    <testcase name="GetSetParameters" status="run" result="completed" time="0" timestamp="2025-08-02T15:08:37.333" classname="DebayerTest" />
    <testcase name="PerformanceCheck" status="run" result="completed" time="0.031" timestamp="2025-08-02T15:08:37.333" classname="DebayerTest" />
    <testcase name="ColorAccuracy" status="run" result="completed" time="0" timestamp="2025-08-02T15:08:37.364" classname="DebayerTest" />
    <testcase name="EdgePreservation" status="run" result="completed" time="0" timestamp="2025-08-02T15:08:37.364" classname="DebayerTest" />
  </testsuite>
</testsuites>
